<?xml version="1.0" encoding="UTF-8"?>
<!-- Generated by org.testng.reporters.JUnitXMLReporter -->
<testsuite ignored="0" hostname="DESKTOP-I4MPE0F" failures="1" tests="3" name="Covid19 Game Test Cases" time="84.934" errors="0" timestamp="2022-06-05T19:06:55 IST">
  <testcase classname="com.covid19thegame.qa.testcases.RegistrationPageTest" name="loginToCovidApp" time="12.303"/>
  <testcase classname="com.covid19thegame.qa.testcases.LoginPageTest" name="loginToCovidApp" time="40.701"/>
  <testcase classname="com.covid19thegame.qa.testcases.LoginPageTest" name="createUserAndUpdateScore" time="10.462">
    <failure type="java.lang.AssertionError" message="Score should be updated as per details expected [4000.0] but found [4000]">
      <![CDATA[java.lang.AssertionError: Score should be updated as per details expected [4000.0] but found [4000]
at com.covid19thegame.qa.testcases.LoginPageTest.createUserAndUpdateScore(LoginPageTest.java:110)
at java.base/java.util.ArrayList.forEach(ArrayList.java:1541)
... Removed 32 stack frames]]>
    </failure>
  </testcase> <!-- createUserAndUpdateScore -->
</testsuite> <!-- Covid19 Game Test Cases -->
