<?xml version="1.0" encoding="UTF-8"?>
<testng-results ignored="0" total="3" passed="2" failed="1" skipped="0">
  <reporter-output>
  </reporter-output>
  <suite started-at="2022-06-05T19:05:30 IST" name="Covid19 The Game Test Automation Test Suite" finished-at="2022-06-05T19:06:55 IST" duration-ms="84934">
    <groups>
    </groups>
    <test started-at="2022-06-05T19:05:30 IST" name="Covid19 Game Test Cases" finished-at="2022-06-05T19:06:55 IST" duration-ms="84934">
      <class name="com.covid19thegame.qa.testcases.RegistrationPageTest">
        <test-method is-config="true" signature="setUp()[pri:0, instance:com.covid19thegame.qa.testcases.RegistrationPageTest@54eb2b70]" started-at="2022-06-05T19:05:31 IST" name="setUp" finished-at="2022-06-05T19:05:37 IST" duration-ms="6153" status="PASS">
          <reporter-output>
          </reporter-output>
        </test-method> <!-- setUp -->
        <test-method signature="loginToCovidApp(java.lang.String,java.lang.String)[pri:1, instance:com.covid19thegame.qa.testcases.RegistrationPageTest@54eb2b70]" started-at="2022-06-05T19:05:37 IST" name="loginToCovidApp" data-provider="getCovid19TestData" finished-at="2022-06-05T19:05:50 IST" duration-ms="12303" status="PASS">
          <params>
            <param index="0">
              <value>
                <![CDATA[NewUser09]]>
              </value>
            </param>
            <param index="1">
              <value>
                <![CDATA[Test1234]]>
              </value>
            </param>
          </params>
          <reporter-output>
          </reporter-output>
        </test-method> <!-- loginToCovidApp -->
        <test-method is-config="true" signature="tearDown()[pri:0, instance:com.covid19thegame.qa.testcases.RegistrationPageTest@54eb2b70]" started-at="2022-06-05T19:05:50 IST" name="tearDown" finished-at="2022-06-05T19:05:51 IST" duration-ms="1378" status="PASS">
          <reporter-output>
          </reporter-output>
        </test-method> <!-- tearDown -->
      </class> <!-- com.covid19thegame.qa.testcases.RegistrationPageTest -->
      <class name="com.covid19thegame.qa.testcases.LoginPageTest">
        <test-method is-config="true" signature="setUp()[pri:0, instance:com.covid19thegame.qa.testcases.LoginPageTest@74bf1791]" started-at="2022-06-05T19:05:51 IST" name="setUp" finished-at="2022-06-05T19:05:57 IST" duration-ms="5526" status="PASS">
          <reporter-output>
          </reporter-output>
        </test-method> <!-- setUp -->
        <test-method signature="loginToCovidApp(java.lang.String,java.lang.String,java.lang.String,java.lang.String)[pri:1, instance:com.covid19thegame.qa.testcases.LoginPageTest@74bf1791]" started-at="2022-06-05T19:05:57 IST" name="loginToCovidApp" data-provider="getCovid19TestData" finished-at="2022-06-05T19:06:37 IST" duration-ms="40701" status="PASS">
          <params>
            <param index="0">
              <value>
                <![CDATA[NewUser09]]>
              </value>
            </param>
            <param index="1">
              <value>
                <![CDATA[Test1234]]>
              </value>
            </param>
            <param index="2">
              <value>
                <![CDATA[NewUserLBoard10]]>
              </value>
            </param>
            <param index="3">
              <value>
                <![CDATA[4000.0]]>
              </value>
            </param>
          </params>
          <reporter-output>
          </reporter-output>
        </test-method> <!-- loginToCovidApp -->
        <test-method is-config="true" signature="tearDown()[pri:0, instance:com.covid19thegame.qa.testcases.LoginPageTest@74bf1791]" started-at="2022-06-05T19:06:37 IST" name="tearDown" finished-at="2022-06-05T19:06:38 IST" duration-ms="470" status="PASS">
          <reporter-output>
          </reporter-output>
        </test-method> <!-- tearDown -->
        <test-method is-config="true" signature="setUp()[pri:0, instance:com.covid19thegame.qa.testcases.LoginPageTest@74bf1791]" started-at="2022-06-05T19:06:38 IST" name="setUp" finished-at="2022-06-05T19:06:44 IST" duration-ms="5995" status="PASS">
          <reporter-output>
          </reporter-output>
        </test-method> <!-- setUp -->
        <test-method signature="createUserAndUpdateScore(java.lang.String,java.lang.String,java.lang.String,java.lang.String)[pri:2, instance:com.covid19thegame.qa.testcases.LoginPageTest@74bf1791]" started-at="2022-06-05T19:06:44 IST" name="createUserAndUpdateScore" data-provider="getCovid19TestData" finished-at="2022-06-05T19:06:54 IST" duration-ms="10462" status="FAIL">
          <params>
            <param index="0">
              <value>
                <![CDATA[NewUser09]]>
              </value>
            </param>
            <param index="1">
              <value>
                <![CDATA[Test1234]]>
              </value>
            </param>
            <param index="2">
              <value>
                <![CDATA[NewUserLBoard10]]>
              </value>
            </param>
            <param index="3">
              <value>
                <![CDATA[4000.0]]>
              </value>
            </param>
          </params>
          <exception class="java.lang.AssertionError">
            <message>
              <![CDATA[Score should be updated as per details expected [4000.0] but found [4000]]]>
            </message>
            <full-stacktrace>
              <![CDATA[java.lang.AssertionError: Score should be updated as per details expected [4000.0] but found [4000]
at org.testng.Assert.fail(Assert.java:99)
at org.testng.Assert.failNotEquals(Assert.java:1037)
at org.testng.Assert.assertEqualsImpl(Assert.java:140)
at org.testng.Assert.assertEquals(Assert.java:122)
at org.testng.Assert.assertEquals(Assert.java:629)
at com.covid19thegame.qa.testcases.LoginPageTest.createUserAndUpdateScore(LoginPageTest.java:110)
at java.base/jdk.internal.reflect.NativeMethodAccessorImpl.invoke0(Native Method)
at java.base/jdk.internal.reflect.NativeMethodAccessorImpl.invoke(NativeMethodAccessorImpl.java:62)
at java.base/jdk.internal.reflect.DelegatingMethodAccessorImpl.invoke(DelegatingMethodAccessorImpl.java:43)
at java.base/java.lang.reflect.Method.invoke(Method.java:566)
at org.testng.internal.MethodInvocationHelper.invokeMethod(MethodInvocationHelper.java:133)
at org.testng.internal.TestInvoker.invokeMethod(TestInvoker.java:598)
at org.testng.internal.TestInvoker.invokeTestMethod(TestInvoker.java:173)
at org.testng.internal.MethodRunner.runInSequence(MethodRunner.java:46)
at org.testng.internal.TestInvoker$MethodInvocationAgent.invoke(TestInvoker.java:824)
at org.testng.internal.TestInvoker.invokeTestMethods(TestInvoker.java:146)
at org.testng.internal.TestMethodWorker.invokeTestMethods(TestMethodWorker.java:146)
at org.testng.internal.TestMethodWorker.run(TestMethodWorker.java:128)
at java.base/java.util.ArrayList.forEach(ArrayList.java:1541)
at org.testng.TestRunner.privateRun(TestRunner.java:794)
at org.testng.TestRunner.run(TestRunner.java:596)
at org.testng.SuiteRunner.runTest(SuiteRunner.java:377)
at org.testng.SuiteRunner.runSequentially(SuiteRunner.java:371)
at org.testng.SuiteRunner.privateRun(SuiteRunner.java:332)
at org.testng.SuiteRunner.run(SuiteRunner.java:276)
at org.testng.SuiteRunnerWorker.runSuite(SuiteRunnerWorker.java:53)
at org.testng.SuiteRunnerWorker.run(SuiteRunnerWorker.java:96)
at org.testng.TestNG.runSuitesSequentially(TestNG.java:1212)
at org.testng.TestNG.runSuitesLocally(TestNG.java:1134)
at org.testng.TestNG.runSuites(TestNG.java:1063)
at org.testng.TestNG.run(TestNG.java:1031)
at org.testng.remote.AbstractRemoteTestNG.run(AbstractRemoteTestNG.java:115)
at org.testng.remote.RemoteTestNG.initAndRun(RemoteTestNG.java:251)
at org.testng.remote.RemoteTestNG.main(RemoteTestNG.java:77)
]]>
            </full-stacktrace>
          </exception> <!-- java.lang.AssertionError -->
          <reporter-output>
          </reporter-output>
        </test-method> <!-- createUserAndUpdateScore -->
        <test-method is-config="true" signature="tearDown()[pri:0, instance:com.covid19thegame.qa.testcases.LoginPageTest@74bf1791]" started-at="2022-06-05T19:06:54 IST" name="tearDown" finished-at="2022-06-05T19:06:55 IST" duration-ms="696" status="PASS">
          <reporter-output>
          </reporter-output>
        </test-method> <!-- tearDown -->
      </class> <!-- com.covid19thegame.qa.testcases.LoginPageTest -->
    </test> <!-- Covid19 Game Test Cases -->
  </suite> <!-- Covid19 The Game Test Automation Test Suite -->
</testng-results>
